<?xml version="1.0" encoding="UTF-8"?>
<testng-results skipped="0" failed="0" ignored="0" total="1" passed="1">
  <reporter-output>
  </reporter-output>
  <suite name="Default suite" duration-ms="23370" started-at="2019-07-12T15:18:54Z" finished-at="2019-07-12T15:19:17Z">
    <groups>
    </groups>
    <test name="Default test" duration-ms="23370" started-at="2019-07-12T15:18:54Z" finished-at="2019-07-12T15:19:17Z">
      <class name="SSCS.E_ProjCert.TestNG.NewTest">
        <test-method status="PASS" signature="launch()[pri:0, instance:SSCS.E_ProjCert.TestNG.NewTest@153acfe]" name="launch" is-config="true" duration-ms="15028" started-at="2019-07-12T10:18:54Z" finished-at="2019-07-12T10:19:09Z">
          <reporter-output>
          </reporter-output>
        </test-method> <!-- launch -->
        <test-method status="PASS" signature="VerifyAboutUS()[pri:0, instance:SSCS.E_ProjCert.TestNG.NewTest@153acfe]" name="VerifyAboutUS" duration-ms="7273" started-at="2019-07-12T10:19:09Z" finished-at="2019-07-12T10:19:16Z">
          <reporter-output>
          </reporter-output>
        </test-method> <!-- VerifyAboutUS -->
        <test-method status="PASS" signature="close()[pri:0, instance:SSCS.E_ProjCert.TestNG.NewTest@153acfe]" name="close" is-config="true" duration-ms="1023" started-at="2019-07-12T10:19:16Z" finished-at="2019-07-12T10:19:17Z">
          <reporter-output>
          </reporter-output>
        </test-method> <!-- close -->
      </class> <!-- SSCS.E_ProjCert.TestNG.NewTest -->
    </test> <!-- Default test -->
  </suite> <!-- Default suite -->
</testng-results>
